# JRE version: Java(TM) SE Runtime Environment (22.0.2+9) (build 22.0.2+9-70)
# Java VM: Java HotSpot(TM) 64-Bit Server VM (22.0.2+9-70, mixed mode, sharing, tiered, compressed oops, compressed class ptrs, parallel gc, windows-amd64)
GC Precious Log:
 CardTable entry size: 512
 CPUs: 4 total, 4 available
 Memory: 3975M
 Large Page Support: Disabled
 NUMA Support: Disabled
 Compressed Oops: Enabled (32-bit)
 Alignments: Space 512K, Generation 512K, Heap 2M
 Heap Min Capacity: 100M
 Heap Initial Capacity: 100M
 Heap Max Capacity: 1G
 Pre-touch: Disabled
 Parallel Workers: 4
Heap:
 PSYoungGen      total 21504K, used 4226K [0x00000000eab00000, 0x00000000ec900000, 0x0000000100000000)
  eden space 19456K, 11% used [0x00000000eab00000,0x00000000ead22d60,0x00000000ebe00000)
  from space 2048K, 99% used [0x00000000ebe00000,0x00000000ebffdc38,0x00000000ec000000)
  to   space 5632K, 0% used [0x00000000ec380000,0x00000000ec380000,0x00000000ec900000)
 ParOldGen       total 68608K, used 35135K [0x00000000c0000000, 0x00000000c4300000, 0x00000000eab00000)
  object space 68608K, 51% used [0x00000000c0000000,0x00000000c224fcf8,0x00000000c4300000)
 Metaspace       used 44719K, committed 45760K, reserved 1114112K
  class space    used 4449K, committed 4928K, reserved 1048576K
GC Heap History (20 events):
Event: 30.000 GC heap before
{Heap before GC invocations=20 (full 2):
 PSYoungGen      total 24576K, used 24224K [0x00000000eab00000, 0x00000000ec580000, 0x0000000100000000)
  eden space 22016K, 100% used [0x00000000eab00000,0x00000000ec080000,0x00000000ec080000)
  from space 2560K, 86% used [0x00000000ec080000,0x00000000ec2a8010,0x00000000ec300000)
  to   space 2560K, 0% used [0x00000000ec300000,0x00000000ec300000,0x00000000ec580000)
 ParOldGen       total 68608K, used 24191K [0x00000000c0000000, 0x00000000c4300000, 0x00000000eab00000)
  object space 68608K, 35% used [0x00000000c0000000,0x00000000c179ff38,0x00000000c4300000)
 Metaspace       used 35657K, committed 36544K, reserved 1114112K
  class space    used 3609K, committed 3968K, reserved 1048576K
}
Event: 30.013 GC heap after
{Heap after GC invocations=20 (full 2):
 PSYoungGen      total 24576K, used 2104K [0x00000000eab00000, 0x00000000ec580000, 0x0000000100000000)
  eden space 22016K, 0% used [0x00000000eab00000,0x00000000eab00000,0x00000000ec080000)
  from space 2560K, 82% used [0x00000000ec300000,0x00000000ec50e200,0x00000000ec580000)
  to   space 2560K, 0% used [0x00000000ec080000,0x00000000ec080000,0x00000000ec300000)
 ParOldGen       total 68608K, used 26327K [0x00000000c0000000, 0x00000000c4300000, 0x00000000eab00000)
  object space 68608K, 38% used [0x00000000c0000000,0x00000000c19b5f48,0x00000000c4300000)
 Metaspace       used 35657K, committed 36544K, reserved 1114112K
  class space    used 3609K, committed 3968K, reserved 1048576K
}
Event: 33.139 GC heap before
{Heap before GC invocations=21 (full 2):
 PSYoungGen      total 24576K, used 24120K [0x00000000eab00000, 0x00000000ec580000, 0x0000000100000000)
  eden space 22016K, 100% used [0x00000000eab00000,0x00000000ec080000,0x00000000ec080000)
  from space 2560K, 82% used [0x00000000ec300000,0x00000000ec50e200,0x00000000ec580000)
  to   space 2560K, 0% used [0x00000000ec080000,0x00000000ec080000,0x00000000ec300000)
 ParOldGen       total 68608K, used 26327K [0x00000000c0000000, 0x00000000c4300000, 0x00000000eab00000)
  object space 68608K, 38% used [0x00000000c0000000,0x00000000c19b5f48,0x00000000c4300000)
 Metaspace       used 38187K, committed 39232K, reserved 1114112K
  class space    used 3903K, committed 4352K, reserved 1048576K
}
Event: 33.146 GC heap after
{Heap after GC invocations=21 (full 2):
 PSYoungGen      total 23552K, used 1222K [0x00000000eab00000, 0x00000000ec480000, 0x0000000100000000)
  eden space 22016K, 0% used [0x00000000eab00000,0x00000000eab00000,0x00000000ec080000)
  from space 1536K, 79% used [0x00000000ec080000,0x00000000ec1b1ba0,0x00000000ec200000)
  to   space 2048K, 0% used [0x00000000ec280000,0x00000000ec280000,0x00000000ec480000)
 ParOldGen       total 68608K, used 28376K [0x00000000c0000000, 0x00000000c4300000, 0x00000000eab00000)
  object space 68608K, 41% used [0x00000000c0000000,0x00000000c1bb6148,0x00000000c4300000)
 Metaspace       used 38187K, committed 39232K, reserved 1114112K
  class space    used 3903K, committed 4352K, reserved 1048576K
}
Event: 34.651 GC heap before
{Heap before GC invocations=22 (full 2):
 PSYoungGen      total 23552K, used 23238K [0x00000000eab00000, 0x00000000ec480000, 0x0000000100000000)
  eden space 22016K, 100% used [0x00000000eab00000,0x00000000ec080000,0x00000000ec080000)
  from space 1536K, 79% used [0x00000000ec080000,0x00000000ec1b1ba0,0x00000000ec200000)
  to   space 2048K, 0% used [0x00000000ec280000,0x00000000ec280000,0x00000000ec480000)
 ParOldGen       total 68608K, used 28376K [0x00000000c0000000, 0x00000000c4300000, 0x00000000eab00000)
  object space 68608K, 41% used [0x00000000c0000000,0x00000000c1bb6148,0x00000000c4300000)
 Metaspace       used 39114K, committed 40128K, reserved 1114112K
  class space    used 3970K, committed 4416K, reserved 1048576K
}
Event: 34.660 GC heap after
{Heap after GC invocations=22 (full 2):
 PSYoungGen      total 22016K, used 2045K [0x00000000eab00000, 0x00000000ec880000, 0x0000000100000000)
  eden space 19968K, 0% used [0x00000000eab00000,0x00000000eab00000,0x00000000ebe80000)
  from space 2048K, 99% used [0x00000000ec280000,0x00000000ec47f4b8,0x00000000ec480000)
  to   space 4096K, 0% used [0x00000000ebe80000,0x00000000ebe80000,0x00000000ec280000)
 ParOldGen       total 68608K, used 29676K [0x00000000c0000000, 0x00000000c4300000, 0x00000000eab00000)
  object space 68608K, 43% used [0x00000000c0000000,0x00000000c1cfb228,0x00000000c4300000)
 Metaspace       used 39114K, committed 40128K, reserved 1114112K
  class space    used 3970K, committed 4416K, reserved 1048576K
}
Event: 34.863 GC heap before
{Heap before GC invocations=23 (full 2):
 PSYoungGen      total 22016K, used 21905K [0x00000000eab00000, 0x00000000ec880000, 0x0000000100000000)
  eden space 19968K, 99% used [0x00000000eab00000,0x00000000ebe65008,0x00000000ebe80000)
  from space 2048K, 99% used [0x00000000ec280000,0x00000000ec47f4b8,0x00000000ec480000)
  to   space 4096K, 0% used [0x00000000ebe80000,0x00000000ebe80000,0x00000000ec280000)
 ParOldGen       total 68608K, used 29676K [0x00000000c0000000, 0x00000000c4300000, 0x00000000eab00000)
  object space 68608K, 43% used [0x00000000c0000000,0x00000000c1cfb228,0x00000000c4300000)
 Metaspace       used 39127K, committed 40128K, reserved 1114112K
  class space    used 3970K, committed 4416K, reserved 1048576K
}
Event: 34.869 GC heap after
{Heap after GC invocations=23 (full 2):
 PSYoungGen      total 20992K, used 840K [0x00000000eab00000, 0x00000000ec300000, 0x0000000100000000)
  eden space 19968K, 0% used [0x00000000eab00000,0x00000000eab00000,0x00000000ebe80000)
  from space 1024K, 82% used [0x00000000ebe80000,0x00000000ebf52300,0x00000000ebf80000)
  to   space 2048K, 0% used [0x00000000ec100000,0x00000000ec100000,0x00000000ec300000)
 ParOldGen       total 68608K, used 30998K [0x00000000c0000000, 0x00000000c4300000, 0x00000000eab00000)
  object space 68608K, 45% used [0x00000000c0000000,0x00000000c1e45998,0x00000000c4300000)
 Metaspace       used 39127K, committed 40128K, reserved 1114112K
  class space    used 3970K, committed 4416K, reserved 1048576K
}
Event: 64.608 GC heap before
{Heap before GC invocations=24 (full 2):
 PSYoungGen      total 20992K, used 20808K [0x00000000eab00000, 0x00000000ec300000, 0x0000000100000000)
  eden space 19968K, 100% used [0x00000000eab00000,0x00000000ebe80000,0x00000000ebe80000)
  from space 1024K, 82% used [0x00000000ebe80000,0x00000000ebf52300,0x00000000ebf80000)
  to   space 2048K, 0% used [0x00000000ec100000,0x00000000ec100000,0x00000000ec300000)
 ParOldGen       total 68608K, used 30998K [0x00000000c0000000, 0x00000000c4300000, 0x00000000eab00000)
  object space 68608K, 45% used [0x00000000c0000000,0x00000000c1e45998,0x00000000c4300000)
 Metaspace       used 41706K, committed 42688K, reserved 1114112K
  class space    used 4228K, committed 4672K, reserved 1048576K
}
Event: 64.686 GC heap after
{Heap after GC invocations=24 (full 2):
 PSYoungGen      total 20992K, used 512K [0x00000000eab00000, 0x00000000ec200000, 0x0000000100000000)
  eden space 19968K, 0% used [0x00000000eab00000,0x00000000eab00000,0x00000000ebe80000)
  from space 1024K, 50% used [0x00000000ec100000,0x00000000ec180020,0x00000000ec200000)
  to   space 1024K, 0% used [0x00000000ebe80000,0x00000000ebe80000,0x00000000ebf80000)
 ParOldGen       total 68608K, used 31014K [0x00000000c0000000, 0x00000000c4300000, 0x00000000eab00000)
  object space 68608K, 45% used [0x00000000c0000000,0x00000000c1e49998,0x00000000c4300000)
 Metaspace       used 41706K, committed 42688K, reserved 1114112K
  class space    used 4228K, committed 4672K, reserved 1048576K
}
Event: 112.393 GC heap before
{Heap before GC invocations=25 (full 2):
 PSYoungGen      total 20992K, used 20480K [0x00000000eab00000, 0x00000000ec200000, 0x0000000100000000)
  eden space 19968K, 100% used [0x00000000eab00000,0x00000000ebe80000,0x00000000ebe80000)
  from space 1024K, 50% used [0x00000000ec100000,0x00000000ec180020,0x00000000ec200000)
  to   space 1024K, 0% used [0x00000000ebe80000,0x00000000ebe80000,0x00000000ebf80000)
 ParOldGen       total 68608K, used 31014K [0x00000000c0000000, 0x00000000c4300000, 0x00000000eab00000)
  object space 68608K, 45% used [0x00000000c0000000,0x00000000c1e49998,0x00000000c4300000)
 Metaspace       used 42192K, committed 43136K, reserved 1114112K
  class space    used 4241K, committed 4672K, reserved 1048576K
}
Event: 112.444 GC heap after
{Heap after GC invocations=25 (full 2):
 PSYoungGen      total 20992K, used 512K [0x00000000eab00000, 0x00000000ec180000, 0x0000000100000000)
  eden space 19968K, 0% used [0x00000000eab00000,0x00000000eab00000,0x00000000ebe80000)
  from space 1024K, 50% used [0x00000000ebe80000,0x00000000ebf00000,0x00000000ebf80000)
  to   space 1024K, 0% used [0x00000000ec080000,0x00000000ec080000,0x00000000ec180000)
 ParOldGen       total 68608K, used 31419K [0x00000000c0000000, 0x00000000c4300000, 0x00000000eab00000)
  object space 68608K, 45% used [0x00000000c0000000,0x00000000c1eaec38,0x00000000c4300000)
 Metaspace       used 42192K, committed 43136K, reserved 1114112K
  class space    used 4241K, committed 4672K, reserved 1048576K
}
Event: 172.210 GC heap before
{Heap before GC invocations=26 (full 2):
 PSYoungGen      total 20992K, used 20480K [0x00000000eab00000, 0x00000000ec180000, 0x0000000100000000)
  eden space 19968K, 100% used [0x00000000eab00000,0x00000000ebe80000,0x00000000ebe80000)
  from space 1024K, 50% used [0x00000000ebe80000,0x00000000ebf00000,0x00000000ebf80000)
  to   space 1024K, 0% used [0x00000000ec080000,0x00000000ec080000,0x00000000ec180000)
 ParOldGen       total 68608K, used 31419K [0x00000000c0000000, 0x00000000c4300000, 0x00000000eab00000)
  object space 68608K, 45% used [0x00000000c0000000,0x00000000c1eaec38,0x00000000c4300000)
 Metaspace       used 42619K, committed 43648K, reserved 1114112K
  class space    used 4264K, committed 4672K, reserved 1048576K
}
Event: 172.292 GC heap after
{Heap after GC invocations=26 (full 2):
 PSYoungGen      total 20992K, used 512K [0x00000000eab00000, 0x00000000ec180000, 0x0000000100000000)
  eden space 19968K, 0% used [0x00000000eab00000,0x00000000eab00000,0x00000000ebe80000)
  from space 1024K, 50% used [0x00000000ec080000,0x00000000ec100020,0x00000000ec180000)
  to   space 1024K, 0% used [0x00000000ebe80000,0x00000000ebe80000,0x00000000ebf80000)
 ParOldGen       total 68608K, used 31551K [0x00000000c0000000, 0x00000000c4300000, 0x00000000eab00000)
  object space 68608K, 45% used [0x00000000c0000000,0x00000000c1ecfc88,0x00000000c4300000)
 Metaspace       used 42619K, committed 43648K, reserved 1114112K
  class space    used 4264K, committed 4672K, reserved 1048576K
}
Event: 199.192 GC heap before
{Heap before GC invocations=27 (full 2):
 PSYoungGen      total 20992K, used 20480K [0x00000000eab00000, 0x00000000ec180000, 0x0000000100000000)
  eden space 19968K, 100% used [0x00000000eab00000,0x00000000ebe80000,0x00000000ebe80000)
  from space 1024K, 50% used [0x00000000ec080000,0x00000000ec100020,0x00000000ec180000)
  to   space 1024K, 0% used [0x00000000ebe80000,0x00000000ebe80000,0x00000000ebf80000)
 ParOldGen       total 68608K, used 31551K [0x00000000c0000000, 0x00000000c4300000, 0x00000000eab00000)
  object space 68608K, 45% used [0x00000000c0000000,0x00000000c1ecfc88,0x00000000c4300000)
 Metaspace       used 44170K, committed 45184K, reserved 1114112K
  class space    used 4417K, committed 4864K, reserved 1048576K
}
Event: 199.305 GC heap after
{Heap after GC invocations=27 (full 2):
 PSYoungGen      total 20992K, used 864K [0x00000000eab00000, 0x00000000ec100000, 0x0000000100000000)
  eden space 19968K, 0% used [0x00000000eab00000,0x00000000eab00000,0x00000000ebe80000)
  from space 1024K, 84% used [0x00000000ebe80000,0x00000000ebf58020,0x00000000ebf80000)
  to   space 1024K, 0% used [0x00000000ec000000,0x00000000ec000000,0x00000000ec100000)
 ParOldGen       total 68608K, used 31719K [0x00000000c0000000, 0x00000000c4300000, 0x00000000eab00000)
  object space 68608K, 46% used [0x00000000c0000000,0x00000000c1ef9ca8,0x00000000c4300000)
 Metaspace       used 44170K, committed 45184K, reserved 1114112K
  class space    used 4417K, committed 4864K, reserved 1048576K
}
Event: 324.173 GC heap before
{Heap before GC invocations=28 (full 2):
 PSYoungGen      total 20992K, used 20439K [0x00000000eab00000, 0x00000000ec100000, 0x0000000100000000)
  eden space 19968K, 98% used [0x00000000eab00000,0x00000000ebe1dd00,0x00000000ebe80000)
  from space 1024K, 84% used [0x00000000ebe80000,0x00000000ebf58020,0x00000000ebf80000)
  to   space 1024K, 0% used [0x00000000ec000000,0x00000000ec000000,0x00000000ec100000)
 ParOldGen       total 68608K, used 31719K [0x00000000c0000000, 0x00000000c4300000, 0x00000000eab00000)
  object space 68608K, 46% used [0x00000000c0000000,0x00000000c1ef9ca8,0x00000000c4300000)
 Metaspace       used 44569K, committed 45632K, reserved 1114112K
  class space    used 4436K, committed 4864K, reserved 1048576K
}
Event: 324.240 GC heap after
{Heap after GC invocations=28 (full 2):
 PSYoungGen      total 20480K, used 993K [0x00000000eab00000, 0x00000000ec280000, 0x0000000100000000)
  eden space 19456K, 0% used [0x00000000eab00000,0x00000000eab00000,0x00000000ebe00000)
  from space 1024K, 97% used [0x00000000ec000000,0x00000000ec0f8618,0x00000000ec100000)
  to   space 2048K, 0% used [0x00000000ebe00000,0x00000000ebe00000,0x00000000ec000000)
 ParOldGen       total 68608K, used 32527K [0x00000000c0000000, 0x00000000c4300000, 0x00000000eab00000)
  object space 68608K, 47% used [0x00000000c0000000,0x00000000c1fc3cd8,0x00000000c4300000)
 Metaspace       used 44569K, committed 45632K, reserved 1114112K
  class space    used 4436K, committed 4864K, reserved 1048576K
}
Event: 325.793 GC heap before
{Heap before GC invocations=29 (full 2):
 PSYoungGen      total 20480K, used 20024K [0x00000000eab00000, 0x00000000ec280000, 0x0000000100000000)
  eden space 19456K, 97% used [0x00000000eab00000,0x00000000ebd95b18,0x00000000ebe00000)
  from space 1024K, 97% used [0x00000000ec000000,0x00000000ec0f8618,0x00000000ec100000)
  to   space 2048K, 0% used [0x00000000ebe00000,0x00000000ebe00000,0x00000000ec000000)
 ParOldGen       total 68608K, used 32527K [0x00000000c0000000, 0x00000000c4300000, 0x00000000eab00000)
  object space 68608K, 47% used [0x00000000c0000000,0x00000000c1fc3cd8,0x00000000c4300000)
 Metaspace       used 44666K, committed 45696K, reserved 1114112K
  class space    used 4440K, committed 4864K, reserved 1048576K
}
Event: 325.808 GC heap after
{Heap after GC invocations=29 (full 2):
 PSYoungGen      total 21504K, used 2039K [0x00000000eab00000, 0x00000000ec900000, 0x0000000100000000)
  eden space 19456K, 0% used [0x00000000eab00000,0x00000000eab00000,0x00000000ebe00000)
  from space 2048K, 99% used [0x00000000ebe00000,0x00000000ebffdc38,0x00000000ec000000)
  to   space 5632K, 0% used [0x00000000ec380000,0x00000000ec380000,0x00000000ec900000)
 ParOldGen       total 68608K, used 35135K [0x00000000c0000000, 0x00000000c4300000, 0x00000000eab00000)
  object space 68608K, 51% used [0x00000000c0000000,0x00000000c224fcf8,0x00000000c4300000)
 Metaspace       used 44666K, committed 45696K, reserved 1114112K
  class space    used 4440K, committed 4864K, reserved 1048576K
}

